Fri May 12 11:24:46 2017


FIT:    data read from 'rettaO.txt'
        format = z
        #datapoints = 11
        residuals are weighted equally (unit weight)

function used for fitting: f(x)
	f(x)=a*x+b
fitted parameters initialized with current variable values

iter      chisq       delta/lim  lambda   a             b            
   0 4.6256822673e+03  0.00e+00 1.52e+01  1.000000e+00  1.000000e+00
   7 1.1428181818e-06 -7.41e-11 1.52e-01 -1.084545e-02  2.229168e+00

After 7 iterations the fit converged.
final sum of squares of residuals : 1.14282e-006
rel. change during last iteration : -7.41179e-016

degrees of freedom    (FIT_NDF)                        : 9
rms of residuals      (FIT_STDFIT) = sqrt(WSSR/ndf)    : 0.000356342
variance of residuals (reduced chisquare) = WSSR/ndf   : 1.2698e-007

Final set of parameters            Asymptotic Standard Error
=======================            ==========================
a               = -0.0108455       +/- 0.0003398    (3.133%)
b               = 2.22917          +/- 0.007306     (0.3277%)

correlation matrix of the fit parameters:
                a      b      
a               1.000 
b              -1.000  1.000 


*******************************************************************************
Fri May 12 11:24:53 2017


FIT:    data read from "rettaO'.txt"
        format = z
        #datapoints = 11
        residuals are weighted equally (unit weight)

function used for fitting: g(x)
	g(x)=c*x+d
fitted parameters initialized with current variable values

iter      chisq       delta/lim  lambda   c             d            
   0 4.6244899489e+03  0.00e+00 1.52e+01  1.000000e+00  1.000000e+00
   6 2.6290000000e-06 -6.58e-01 1.52e-05 -2.009091e-03  2.041786e+00

After 6 iterations the fit converged.
final sum of squares of residuals : 2.629e-006
rel. change during last iteration : -6.58476e-006

degrees of freedom    (FIT_NDF)                        : 9
rms of residuals      (FIT_STDFIT) = sqrt(WSSR/ndf)    : 0.000540473
variance of residuals (reduced chisquare) = WSSR/ndf   : 2.92111e-007

Final set of parameters            Asymptotic Standard Error
=======================            ==========================
c               = -0.00200909      +/- 0.0005153    (25.65%)
d               = 2.04179          +/- 0.01108      (0.5427%)

correlation matrix of the fit parameters:
                c      d      
c               1.000 
d              -1.000  1.000 
