\BOOKMARK [0][-]{chapter.1}{Set theory}{}% 1
\BOOKMARK [1][-]{section.1.1}{The ZFC axioms}{chapter.1}% 2
\BOOKMARK [2][-]{section*.1}{Extensionality}{section.1.1}% 3
\BOOKMARK [3][-]{section*.2}{Existence of the null set}{section*.1}% 4
\BOOKMARK [4][-]{section*.3}{Foundation}{section*.2}% 5
\BOOKMARK [4][-]{section*.4}{Separation}{section*.2}% 6
\BOOKMARK [4][-]{section*.5}{Pair sets}{section*.2}% 7
\BOOKMARK [4][-]{section*.6}{Union set axiom}{section*.2}% 8
\BOOKMARK [4][-]{section*.7}{Power set axiom}{section*.2}% 9
\BOOKMARK [4][-]{section*.8}{Infinity}{section*.2}% 10
\BOOKMARK [4][-]{section*.9}{Replacement}{section*.2}% 11
\BOOKMARK [4][-]{section*.10}{Choice}{section*.2}% 12
\BOOKMARK [2][-]{subsection.1.1.1}{Goedel}{section.1.1}% 13
\BOOKMARK [1][-]{section.1.2}{The Von Neumann Integers}{chapter.1}% 14
\BOOKMARK [1][-]{section.1.3}{Cardinality}{chapter.1}% 15
\BOOKMARK [0][-]{chapter.2}{Inequalities}{}% 16
\BOOKMARK [1][-]{section.2.1}{Means}{chapter.2}% 17
\BOOKMARK [2][-]{section*.11}{Cauchy's Inequality}{section.2.1}% 18
\BOOKMARK [3][-]{section*.12}{Hoelder}{section*.11}% 19
\BOOKMARK [0][-]{chapter.3}{Convex functions}{}% 20
\BOOKMARK [1][-]{section.3.1}{Definition}{chapter.3}% 21
\BOOKMARK [0][-]{chapter.4}{Discrete dynamical systems}{}% 22
\BOOKMARK [1][-]{section.4.1}{Basic notation}{chapter.4}% 23
\BOOKMARK [1][-]{section.4.2}{Graphical analysis}{chapter.4}% 24
\BOOKMARK [1][-]{section.4.3}{Fixed points}{chapter.4}% 25
\BOOKMARK [1][-]{section.4.4}{Periodic points}{chapter.4}% 26
\BOOKMARK [2][-]{subsection.4.4.1}{Chain rule}{section.4.4}% 27
\BOOKMARK [0][-]{chapter.5}{Miscellaneous}{}% 28
\BOOKMARK [1][-]{section.5.1}{Wallis}{chapter.5}% 29
\BOOKMARK [1][-]{section.5.2}{Stirling}{chapter.5}% 30
