\BOOKMARK [0][-]{chapter.1}{Serie}{}% 1
\BOOKMARK [1][-]{section.1.1}{Definizioni}{chapter.1}% 2
\BOOKMARK [1][-]{section.1.2}{Serie notevoli}{chapter.1}% 3
\BOOKMARK [2][-]{section*.1}{Geometrica}{section.1.2}% 4
\BOOKMARK [3][-]{section*.2}{Telescopica}{section*.1}% 5
\BOOKMARK [4][-]{section*.3}{Armonica generalizzata}{section*.2}% 6
\BOOKMARK [1][-]{section.1.3}{Criteri}{chapter.1}% 7
\BOOKMARK [2][-]{section*.4}{Confronto}{section.1.3}% 8
\BOOKMARK [3][-]{section*.5}{Confronto asintotico}{section*.4}% 9
\BOOKMARK [4][-]{section*.6}{Rapporto}{section*.5}% 10
\BOOKMARK [4][-]{section*.7}{Rapporto asintotico}{section*.5}% 11
\BOOKMARK [4][-]{section*.8}{Radice \(n-esima\)}{section*.5}% 12
\BOOKMARK [4][-]{section*.9}{Radice asintotica}{section*.5}% 13
\BOOKMARK [4][-]{section*.10}{Condensazione di Cauchy}{section*.5}% 14
\BOOKMARK [4][-]{section*.11}{Leibniz}{section*.5}% 15
\BOOKMARK [4][-]{section*.12}{Convergenza assoluta}{section*.5}% 16
\BOOKMARK [0][-]{chapter.2}{Integrali generalizzati}{}% 17
\BOOKMARK [0][-]{chapter.3}{Spazi metrici}{}% 18
\BOOKMARK [0][-]{chapter.4}{Serie di funzioni}{}% 19
\BOOKMARK [0][-]{chapter.5}{Calcolo differenziale multivariato}{}% 20
\BOOKMARK [0][-]{chapter.6}{Curve e 1-forme differenziali in Rn}{}% 21
\BOOKMARK [0][-]{chapter.7}{Invertibilit\340 locale e funzione implicita}{}% 22
