

*******************************************************************************
Wed Apr 19 18:05:47 2017


FIT:    data read from "ball1.txt"
        format = z
        #datapoints = 10
        residuals are weighted equally (unit weight)

function used for fitting: f(x)
	f(x)=a*x+b
fitted parameters initialized with current variable values

iter      chisq       delta/lim  lambda   a             b            
   0 2.8634841750e+05   0.00e+00  7.40e-01    1.000000e+00   1.000000e+00
   4 3.3528516364e-01  -5.60e-01  7.40e-05    5.516865e+02  -8.388000e-01

After 4 iterations the fit converged.
final sum of squares of residuals : 0.335285
rel. change during last iteration : -5.60325e-06

degrees of freedom    (FIT_NDF)                        : 8
rms of residuals      (FIT_STDFIT) = sqrt(WSSR/ndf)    : 0.204721
variance of residuals (reduced chisquare) = WSSR/ndf   : 0.0419106

Final set of parameters            Asymptotic Standard Error
=======================            ==========================
a               = 551.687          +/- 0.4508       (0.08171%)
b               = -0.8388          +/- 0.1399       (16.67%)

correlation matrix of the fit parameters:
                a      b      
a               1.000 
b              -0.886  1.000 


*******************************************************************************
Wed May 10 18:45:37 2017


FIT:    data read from "ball7_2.txt"
        format = z
        #datapoints = 6
        residuals are weighted equally (unit weight)

function used for fitting: f(x)
	f(x)=a*x+b
fitted parameters initialized with current variable values

iter      chisq       delta/lim  lambda   a             b            
   0 3.3245823500e+02   0.00e+00  7.58e-01    1.000000e+00   1.000000e+00
   5 2.2240000000e-03  -7.04e-09  7.58e-06    2.610000e+01  -1.284000e+00

After 5 iterations the fit converged.
final sum of squares of residuals : 0.002224
rel. change during last iteration : -7.03951e-14

degrees of freedom    (FIT_NDF)                        : 4
rms of residuals      (FIT_STDFIT) = sqrt(WSSR/ndf)    : 0.0235797
variance of residuals (reduced chisquare) = WSSR/ndf   : 0.000556

Final set of parameters            Asymptotic Standard Error
=======================            ==========================
a               = 26.1             +/- 0.1127       (0.4319%)
b               = -1.284           +/- 0.04336      (3.377%)

correlation matrix of the fit parameters:
                a      b      
a               1.000 
b              -0.975  1.000 


*******************************************************************************
Wed May 10 18:49:15 2017


FIT:    data read from "ball8_2.txt"
        format = z
        #datapoints = 5
        residuals are weighted equally (unit weight)

function used for fitting: f(x)
	f(x)=a*x+b
fitted parameters initialized with current variable values

iter      chisq       delta/lim  lambda   a             b            
   0 6.5496207000e+01   0.00e+00  7.55e+00    2.610000e+01  -1.284000e+00
   5 1.3691000000e-03  -3.26e-06  7.55e-05    1.695400e+01  -1.186600e+00

After 5 iterations the fit converged.
final sum of squares of residuals : 0.0013691
rel. change during last iteration : -3.25647e-11

degrees of freedom    (FIT_NDF)                        : 3
rms of residuals      (FIT_STDFIT) = sqrt(WSSR/ndf)    : 0.0213627
variance of residuals (reduced chisquare) = WSSR/ndf   : 0.000456367

Final set of parameters            Asymptotic Standard Error
=======================            ==========================
a               = 16.954           +/- 0.1351       (0.7969%)
b               = -1.1866          +/- 0.05488      (4.625%)

correlation matrix of the fit parameters:
                a      b      
a               1.000 
b              -0.985  1.000 
