\BOOKMARK [0][-]{chapter.1}{Vectors}{}% 1
\BOOKMARK [1][-]{section.1.1}{Euclidean space}{chapter.1}% 2
\BOOKMARK [1][-]{section.1.2}{Segments}{chapter.1}% 3
\BOOKMARK [2][-]{section*.1}{Addition}{section.1.2}% 4
\BOOKMARK [3][-]{section*.2}{Multiplication by a scalar}{section*.1}% 5
\BOOKMARK [4][-]{section*.3}{Properties of vector operations}{section*.2}% 6
\BOOKMARK [1][-]{section.1.3}{Reference frames}{chapter.1}% 7
\BOOKMARK [1][-]{section.1.4}{Linear dependence}{chapter.1}% 8
\BOOKMARK [2][-]{section*.4}{Parallelism}{section.1.4}% 9
\BOOKMARK [3][-]{section*.5}{Co-hyper-planar vectors}{section*.4}% 10
\BOOKMARK [1][-]{section.1.5}{Scalar product}{chapter.1}% 11
\BOOKMARK [2][-]{section*.6}{Angle between vectors}{section.1.5}% 12
\BOOKMARK [3][-]{section*.7}{Orthogonality}{section*.6}% 13
\BOOKMARK [1][-]{section.1.6}{Vector product}{chapter.1}% 14
\BOOKMARK [1][-]{section.1.7}{Mixed product}{chapter.1}% 15
\BOOKMARK [1][-]{section.1.8}{Perpendicular set}{chapter.1}% 16
\BOOKMARK [0][-]{chapter.2}{Spaces}{}% 17
\BOOKMARK [1][-]{section.2.1}{Affine spaces}{chapter.2}% 18
\BOOKMARK [2][-]{section*.8}{Properties}{section.2.1}% 19
\BOOKMARK [2][-]{subsection.2.1.1}{Linear varieties}{section.2.1}% 20
\BOOKMARK [3][-]{section*.9}{Potential linear varieties of A3 \(R\)}{subsection.2.1.1}% 21
\BOOKMARK [3][-]{section*.10}{Equations of linear varieties}{subsection.2.1.1}% 22
\BOOKMARK [1][-]{section.2.2}{Euclidean spaces}{chapter.2}% 23
\BOOKMARK [2][-]{subsection.2.2.1}{Distance between linear varieties}{section.2.2}% 24
\BOOKMARK [1][-]{section.2.3}{Plane bundles}{chapter.2}% 25
\BOOKMARK [2][-]{section*.11}{Intersecting planes}{section.2.3}% 26
\BOOKMARK [3][-]{section*.12}{Parallel planes}{section*.11}% 27
\BOOKMARK [2][-]{subsection.2.3.1}{Plane - point distance}{section.2.3}% 28
