

*******************************************************************************
Tue Apr  4 18:02:56 2017


FIT:    data read from "kvsl.txt"
        format = z
        x range restricted to [248.352 : 1185.85]
        #datapoints = 5
        residuals are weighted equally (unit weight)

function used for fitting: f(x)
	f(x)=a*x+b
fitted parameters initialized with current variable values

iter      chisq       delta/lim  lambda   a             b            
   0 2.1347199796e+06   0.00e+00  4.65e+02    1.000000e+00   1.000000e+00
   7 1.3493258826e-02  -1.56e-08  4.65e-05    7.573377e-03   2.246385e-01

After 7 iterations the fit converged.
final sum of squares of residuals : 0.0134933
rel. change during last iteration : -1.56332e-13

degrees of freedom    (FIT_NDF)                        : 3
rms of residuals      (FIT_STDFIT) = sqrt(WSSR/ndf)    : 0.0670653
variance of residuals (reduced chisquare) = WSSR/ndf   : 0.00449775

Final set of parameters            Asymptotic Standard Error
=======================            ==========================
a               = 0.00757338       +/- 0.000159     (2.099%)
b               = 0.224639         +/- 0.1045       (46.54%)

correlation matrix of the fit parameters:
                a      b      
a               1.000 
b              -0.958  1.000 


*******************************************************************************
Tue Apr  4 18:04:36 2017


FIT:    data read from "kvsS.txt"
        format = z
        x range restricted to [248.352 : 1185.85]
BREAK: No data to fit