\BOOKMARK [0][-]{chapter.1}{Na\357ve set theory}{}% 1
\BOOKMARK [1][-]{section.1.1}{Basic sets}{chapter.1}% 2
\BOOKMARK [2][-]{section*.1}{Remarks}{section.1.1}% 3
\BOOKMARK [3][-]{section*.2}{Properties}{section*.1}% 4
\BOOKMARK [4][-]{section*.3}{Complement}{section*.2}% 5
\BOOKMARK [4][-]{section*.4}{Cartesian product}{section*.2}% 6
\BOOKMARK [1][-]{section.1.2}{Propositional logic}{chapter.1}% 7
\BOOKMARK [2][-]{section*.5}{Implication}{section.1.2}% 8
\BOOKMARK [3][-]{section*.6}{Double implication}{section*.5}% 9
\BOOKMARK [4][-]{section*.7}{Quantifiers}{section*.6}% 10
\BOOKMARK [0][-]{chapter.2}{Number sets}{}% 11
\BOOKMARK [1][-]{section.2.1}{The set N}{chapter.2}% 12
\BOOKMARK [2][-]{section*.8}{The Peano axioms}{section.2.1}% 13
\BOOKMARK [1][-]{section.2.2}{Induction}{chapter.2}% 14
\BOOKMARK [2][-]{section*.9}{Examples}{section.2.2}% 15
\BOOKMARK [1][-]{section.2.3}{Groups}{chapter.2}% 16
\BOOKMARK [2][-]{section*.10}{Roots}{section.2.3}% 17
\BOOKMARK [1][-]{section.2.4}{The set R}{chapter.2}% 18
\BOOKMARK [2][-]{section*.11}{Useful inequalities}{section.2.4}% 19
\BOOKMARK [3][-]{section*.12}{Integer part of a number}{section*.11}% 20
\BOOKMARK [1][-]{section.2.5}{Set notation}{chapter.2}% 21
\BOOKMARK [2][-]{section*.13}{Axiom of continuity or completeness}{section.2.5}% 22
\BOOKMARK [3][-]{section*.14}{Halved intervals}{section*.13}% 23
\BOOKMARK [0][-]{chapter.3}{Topology}{}% 24
\BOOKMARK [1][-]{subsection.3.0.1}{Balls and openness}{chapter.3}% 25
\BOOKMARK [2][-]{section*.15}{Open sets}{subsection.3.0.1}% 26
\BOOKMARK [3][-]{section*.16}{Closed sets}{section*.15}% 27
\BOOKMARK [4][-]{section*.17}{Closure}{section*.16}% 28
\BOOKMARK [1][-]{section.3.1}{Limit points}{chapter.3}% 29
\BOOKMARK [0][-]{chapter.4}{Functions}{}% 30
\BOOKMARK [1][-]{section.4.1}{Basics}{chapter.4}% 31
\BOOKMARK [2][-]{section*.18}{Composition}{section.4.1}% 32
\BOOKMARK [3][-]{section*.19}{Injectivity}{section*.18}% 33
\BOOKMARK [1][-]{section.4.2}{Basic functions}{chapter.4}% 34
\BOOKMARK [2][-]{section*.20}{Powers}{section.4.2}% 35
\BOOKMARK [3][-]{section*.21}{Trig functions}{section*.20}% 36
\BOOKMARK [4][-]{section*.22}{Logs}{section*.21}% 37
\BOOKMARK [4][-]{section*.23}{Misc}{section*.21}% 38
